<?xml version="1.0" encoding="UTF-8"?>
<!-- Generated by org.testng.reporters.JUnitXMLReporter -->
<testsuite ignored="0" hostname="DESKTOP-J2NO96S" failures="0" tests="4" name="TestNG" time="85.35" errors="0" timestamp="2022-04-01T16:43:00 EDT">
  <testcase classname="testlayer.LoginTest" name="Title" time="0.04"/>
  <testcase classname="testlayer.LoginTest" name="Login" time="21.355"/>
  <testcase classname="testlayer.LoginTest" name="Login" time="21.22"/>
  <testcase classname="testlayer.LoginTest" name="Login" time="21.199"/>
</testsuite> <!-- TestNG -->
