<?xml version="1.0" encoding="UTF-8"?>
<!-- Generated by org.testng.reporters.JUnitXMLReporter -->
<testsuite ignored="0" hostname="DESKTOP-J2NO96S" failures="0" tests="4" name="Default test" time="97.566" errors="0" timestamp="2022-04-04T16:15:13 EDT">
  <testcase classname="testlayer.LoginTest" name="Title" time="0.246"/>
  <testcase classname="testlayer.LoginTest" name="Login" time="21.364"/>
  <testcase classname="testlayer.LoginTest" name="Login" time="21.267"/>
  <testcase classname="testlayer.LoginTest" name="Login" time="21.304"/>
</testsuite> <!-- Default test -->
