<?xml version="1.0" encoding="UTF-8"?>
<testng-results ignored="0" total="4" passed="4" failed="0" skipped="0">
  <reporter-output>
  </reporter-output>
  <suite started-at="2022-04-04T16:13:35 EDT" name="Default suite" finished-at="2022-04-04T16:15:13 EDT" duration-ms="97566">
    <groups>
    </groups>
    <test started-at="2022-04-04T16:13:35 EDT" name="Default test" finished-at="2022-04-04T16:15:13 EDT" duration-ms="97566">
      <class name="testlayer.LoginTest">
        <test-method is-config="true" signature="initsetup()[pri:0, instance:testlayer.LoginTest@515aebb0]" started-at="2022-04-04T16:13:36 EDT" name="initsetup" finished-at="2022-04-04T16:13:46 EDT" duration-ms="10843" status="PASS">
          <reporter-output>
          </reporter-output>
        </test-method> <!-- initsetup -->
        <test-method signature="Title()[pri:1, instance:testlayer.LoginTest@515aebb0]" started-at="2022-04-04T16:13:46 EDT" name="Title" finished-at="2022-04-04T16:13:47 EDT" duration-ms="246" status="PASS">
          <reporter-output>
          </reporter-output>
        </test-method> <!-- Title -->
        <test-method is-config="true" signature="close()[pri:0, instance:testlayer.LoginTest@515aebb0]" started-at="2022-04-04T16:13:47 EDT" name="close" finished-at="2022-04-04T16:13:48 EDT" duration-ms="1077" status="PASS">
          <reporter-output>
          </reporter-output>
        </test-method> <!-- close -->
        <test-method is-config="true" signature="initsetup()[pri:0, instance:testlayer.LoginTest@515aebb0]" started-at="2022-04-04T16:13:50 EDT" name="initsetup" finished-at="2022-04-04T16:13:56 EDT" duration-ms="6453" status="PASS">
          <reporter-output>
          </reporter-output>
        </test-method> <!-- initsetup -->
        <test-method signature="Login(java.lang.String,java.lang.String)[pri:2, instance:testlayer.LoginTest@515aebb0]" started-at="2022-04-04T16:13:56 EDT" name="Login" data-provider="Details" finished-at="2022-04-04T16:14:17 EDT" duration-ms="21364" status="PASS">
          <params>
            <param index="0">
              <value>
                <![CDATA[Admin]]>
              </value>
            </param>
            <param index="1">
              <value>
                <![CDATA[admin123]]>
              </value>
            </param>
          </params>
          <reporter-output>
          </reporter-output>
        </test-method> <!-- Login -->
        <test-method is-config="true" signature="close()[pri:0, instance:testlayer.LoginTest@515aebb0]" started-at="2022-04-04T16:14:17 EDT" name="close" finished-at="2022-04-04T16:14:18 EDT" duration-ms="279" status="PASS">
          <reporter-output>
          </reporter-output>
        </test-method> <!-- close -->
        <test-method is-config="true" signature="initsetup()[pri:0, instance:testlayer.LoginTest@515aebb0]" started-at="2022-04-04T16:14:18 EDT" name="initsetup" finished-at="2022-04-04T16:14:24 EDT" duration-ms="6124" status="PASS">
          <reporter-output>
          </reporter-output>
        </test-method> <!-- initsetup -->
        <test-method signature="Login(java.lang.String,java.lang.String)[pri:2, instance:testlayer.LoginTest@515aebb0]" started-at="2022-04-04T16:14:24 EDT" name="Login" data-provider="Details" finished-at="2022-04-04T16:14:45 EDT" duration-ms="21267" status="PASS">
          <params>
            <param index="0">
              <value>
                <![CDATA[Admin]]>
              </value>
            </param>
            <param index="1">
              <value>
                <![CDATA[navi]]>
              </value>
            </param>
          </params>
          <reporter-output>
          </reporter-output>
        </test-method> <!-- Login -->
        <test-method is-config="true" signature="close()[pri:0, instance:testlayer.LoginTest@515aebb0]" started-at="2022-04-04T16:14:45 EDT" name="close" finished-at="2022-04-04T16:14:46 EDT" duration-ms="391" status="PASS">
          <reporter-output>
          </reporter-output>
        </test-method> <!-- close -->
        <test-method is-config="true" signature="initsetup()[pri:0, instance:testlayer.LoginTest@515aebb0]" started-at="2022-04-04T16:14:46 EDT" name="initsetup" finished-at="2022-04-04T16:14:52 EDT" duration-ms="6017" status="PASS">
          <reporter-output>
          </reporter-output>
        </test-method> <!-- initsetup -->
        <test-method signature="Login(java.lang.String,java.lang.String)[pri:2, instance:testlayer.LoginTest@515aebb0]" started-at="2022-04-04T16:14:52 EDT" name="Login" data-provider="Details" finished-at="2022-04-04T16:15:13 EDT" duration-ms="21304" status="PASS">
          <params>
            <param index="0">
              <value>
                <![CDATA[kulli]]>
              </value>
            </param>
            <param index="1">
              <value>
                <![CDATA[kaka]]>
              </value>
            </param>
          </params>
          <reporter-output>
          </reporter-output>
        </test-method> <!-- Login -->
        <test-method is-config="true" signature="close()[pri:0, instance:testlayer.LoginTest@515aebb0]" started-at="2022-04-04T16:15:13 EDT" name="close" finished-at="2022-04-04T16:15:13 EDT" duration-ms="153" status="PASS">
          <reporter-output>
          </reporter-output>
        </test-method> <!-- close -->
      </class> <!-- testlayer.LoginTest -->
    </test> <!-- Default test -->
  </suite> <!-- Default suite -->
</testng-results>
